Arguments: 
  /Users/twilson63/.nvm/versions/node/v8.11.1/bin/node /usr/local/bin/yarn add tape tap-browser-color jsdocs-to-markdown

PATH: 
  /Library/Frameworks/Python.framework/Versions/3.6/bin:/Users/twilson63/.nvm/versions/node/v8.11.1/bin:/usr/local/bin:/usr/bin:/bin:/usr/sbin:/sbin

Yarn version: 
  0.19.1

Node version: 
  8.11.1

Platform: 
  darwin x64

npm manifest: 
  {
    "name": "mage",
    "version": "1.0.0",
    "main": "index.js",
    "repository": {},
    "license": "MIT"
  }

yarn manifest: 
  No manifest

Lockfile: 
  No lockfile

Trace: 
  Error: https://registry.yarnpkg.com/jsdocs-to-markdown: Not found
      at Request.params.callback [as _callback] (/usr/local/lib/node_modules/yarn/lib/util/request-manager.js:313:18)
      at Request.self.callback (/usr/local/lib/node_modules/yarn/node_modules/request/request.js:186:22)
      at emitTwo (events.js:126:13)
      at Request.emit (events.js:214:7)
      at Request.<anonymous> (/usr/local/lib/node_modules/yarn/node_modules/request/request.js:1081:10)
      at emitOne (events.js:116:13)
      at Request.emit (events.js:211:7)
      at IncomingMessage.<anonymous> (/usr/local/lib/node_modules/yarn/node_modules/request/request.js:1001:12)
      at Object.onceWrapper (events.js:313:30)
      at emitNone (events.js:111:20)
